============================= test session starts ==============================
platform linux -- Python 3.12.3, pytest-8.4.0, pluggy-1.6.0
rootdir: /home/kyanhvo/codes/cs229
collected 0 items / 1 error

==================================== ERRORS ====================================
_________________________ ERROR collecting unitTest.py _________________________
.venv/lib/python3.12/site-packages/_pytest/python.py:497: in importtestmodule
    mod = import_path(
.venv/lib/python3.12/site-packages/_pytest/pathlib.py:587: in import_path
    importlib.import_module(module_name)
/usr/lib/python3.12/importlib/__init__.py:90: in import_module
    return _bootstrap._gcd_import(name[level:], package, level)
           ^^^^^^^^^^^^^^^^^^^^^^^^^^^^^^^^^^^^^^^^^^^^^^^^^^^^
<frozen importlib._bootstrap>:1387: in _gcd_import
    ???
<frozen importlib._bootstrap>:1360: in _find_and_load
    ???
<frozen importlib._bootstrap>:1331: in _find_and_load_unlocked
    ???
<frozen importlib._bootstrap>:935: in _load_unlocked
    ???
.venv/lib/python3.12/site-packages/_pytest/assertion/rewrite.py:177: in exec_module
    source_stat, co = _rewrite_test(fn, self.config)
                      ^^^^^^^^^^^^^^^^^^^^^^^^^^^^^^
.venv/lib/python3.12/site-packages/_pytest/assertion/rewrite.py:357: in _rewrite_test
    tree = ast.parse(source, filename=strfn)
           ^^^^^^^^^^^^^^^^^^^^^^^^^^^^^^^^^
/usr/lib/python3.12/ast.py:52: in parse
    return compile(source, filename, mode, flags,
E     File "/home/kyanhvo/codes/cs229/unitTest.py", line 2
E       iimport pytest
E               ^^^^^^
E   SyntaxError: invalid syntax
=========================== short test summary info ============================
ERROR unitTest.py
!!!!!!!!!!!!!!!!!!!! Interrupted: 1 error during collection !!!!!!!!!!!!!!!!!!!!
=============================== 1 error in 0.07s ===============================
